\BOOKMARK [1][-]{section.1}{Introduction}{}% 1
\BOOKMARK [1][-]{section.2}{Enviroments}{}% 2
\BOOKMARK [2][-]{subsection.2.1}{Math Mode}{section.2}% 3
\BOOKMARK [2][-]{subsection.2.2}{Verbatim Mode}{section.2}% 4
\BOOKMARK [2][-]{subsection.2.3}{Tabular Mode}{section.2}% 5
\BOOKMARK [1][-]{section.3}{Commands}{}% 6
\BOOKMARK [2][-]{subsection.3.1}{Font Sizing}{section.3}% 7
\BOOKMARK [2][-]{subsection.3.2}{Font Styling}{section.3}% 8
\BOOKMARK [2][-]{subsection.3.3}{Alignments}{section.3}% 9
\BOOKMARK [1][-]{section.4}{Math Elements}{}% 10
\BOOKMARK [2][-]{subsection.4.1}{Fraction}{section.4}% 11
\BOOKMARK [2][-]{subsection.4.2}{Roots}{section.4}% 12
\BOOKMARK [2][-]{subsection.4.3}{Scripts}{section.4}% 13
\BOOKMARK [2][-]{subsection.4.4}{Large Operators}{section.4}% 14
\BOOKMARK [2][-]{subsection.4.5}{Delimiters}{section.4}% 15
\BOOKMARK [2][-]{subsection.4.6}{Matrix}{section.4}% 16
\BOOKMARK [1][-]{section.5}{Symbols}{}% 17
\BOOKMARK [2][-]{subsection.5.1}{Accents}{section.5}% 18
\BOOKMARK [2][-]{subsection.5.2}{Greeks}{section.5}% 19
\BOOKMARK [2][-]{subsection.5.3}{Text Symbols}{section.5}% 20
\BOOKMARK [2][-]{subsection.5.4}{Astronomical Symbols}{section.5}% 21
\BOOKMARK [2][-]{subsection.5.5}{Geometrical Symbols}{section.5}% 22
\BOOKMARK [2][-]{subsection.5.6}{Geometrical Units}{section.5}% 23
\BOOKMARK [2][-]{subsection.5.7}{Geometrical Operators}{section.5}% 24
\BOOKMARK [2][-]{subsection.5.8}{Binary Operators}{section.5}% 25
\BOOKMARK [2][-]{subsection.5.9}{Binary Comparisons}{section.5}% 26
\BOOKMARK [2][-]{subsection.5.10}{Binary Relations}{section.5}% 27
\BOOKMARK [2][-]{subsection.5.11}{Negated Relations}{section.5}% 28
\BOOKMARK [2][-]{subsection.5.12}{Arrows}{section.5}% 29
\BOOKMARK [2][-]{subsection.5.13}{Delimiters}{section.5}% 30
\BOOKMARK [2][-]{subsection.5.14}{Big Operators}{section.5}% 31
\BOOKMARK [2][-]{subsection.5.15}{Functions}{section.5}% 32
